{"uid":"3043f4068ccd0d33","name":"test_create_pet_with_missing_name","fullName":"tests.api.test_create_pet.TestCreatePet#test_create_pet_with_missing_name","historyId":"1138b226e15163e6894ee771bd4701f5","time":{"start":1759062807290,"stop":1759062807297,"duration":7},"description":"Verify error occurs when creating a pet without the required name field.","descriptionHtml":"<p>Verify error occurs when creating a pet without the required name field.</p>\n","status":"failed","statusMessage":"AssertionError: Expected 400, got 200","statusTrace":"self = <test_create_pet.TestCreatePet object at 0x7fa6e67d5a50>\nsession = <requests.sessions.Session object at 0x7fa6e661e290>\npet_url = 'https://petstore3.swagger.io/api/v3/pet'\ninvalid_missing_name = {'category': {'id': 1, 'name': 'Dogs'}, 'id': 240463, 'photoUrls': ['https://pixabay.com/photos/pomeranian-dog-puppy-mammal-animal-8096885/'], 'status': 'available', ...}\n\n    @allure.description(\"Verify error occurs when creating a pet without the required name field.\")\n    def test_create_pet_with_missing_name(self, session, pet_url, invalid_missing_name):\n        response = post_with_allure(session, pet_url, invalid_missing_name)\n>       assert_pet_creation_failed_bad_request(response)\n\ntests/api/test_create_pet.py:39: \n_ _ _ _ _ _ _ _ _ _ _ _ _ _ _ _ _ _ _ _ _ _ _ _ _ _ _ _ _ _ _ _ _ _ _ _ _ _ _ _ \n\nresponse = <Response [200]>\n\n    def assert_pet_creation_failed_bad_request(response):\n        with allure.step(\"Assert pet creation failed bad request\"):\n>           assert response.status_code == 400, f\"Expected 400, got {response.status_code}\"\n                   ^^^^^^^^^^^^^^^^^^^^^^^^^^^\nE           AssertionError: Expected 400, got 200\n\nhelpers/assertion_helper.py:50: AssertionError","flaky":false,"newFailed":false,"newBroken":false,"newPassed":false,"retriesCount":0,"retriesStatusChange":false,"beforeStages":[{"name":"event_loop_policy","time":{"start":1759062807019,"stop":1759062807019,"duration":0},"status":"passed","steps":[],"attachments":[],"parameters":[],"shouldDisplayMessage":false,"stepsCount":0,"attachmentsCount":0,"hasContent":false,"attachmentStep":false},{"name":"base_url","time":{"start":1759062807019,"stop":1759062807019,"duration":0},"status":"passed","steps":[],"attachments":[],"parameters":[],"shouldDisplayMessage":false,"stepsCount":0,"attachmentsCount":0,"hasContent":false,"attachmentStep":false},{"name":"pytestconfig","time":{"start":1759062807019,"stop":1759062807020,"duration":1},"status":"passed","steps":[],"attachments":[],"parameters":[],"shouldDisplayMessage":false,"stepsCount":0,"attachmentsCount":0,"hasContent":false,"attachmentStep":false},{"name":"_verify_url","time":{"start":1759062807019,"stop":1759062807019,"duration":0},"status":"passed","steps":[],"attachments":[],"parameters":[],"shouldDisplayMessage":false,"stepsCount":0,"attachmentsCount":0,"hasContent":false,"attachmentStep":false},{"name":"session","time":{"start":1759062807020,"stop":1759062807020,"duration":0},"status":"passed","steps":[],"attachments":[],"parameters":[],"shouldDisplayMessage":false,"stepsCount":0,"attachmentsCount":0,"hasContent":false,"attachmentStep":false},{"name":"pet_url","time":{"start":1759062807020,"stop":1759062807020,"duration":0},"status":"passed","steps":[],"attachments":[],"parameters":[],"shouldDisplayMessage":false,"stepsCount":0,"attachmentsCount":0,"hasContent":false,"attachmentStep":false},{"name":"delete_output_dir","time":{"start":1759062807020,"stop":1759062807020,"duration":0},"status":"passed","steps":[],"attachments":[],"parameters":[],"shouldDisplayMessage":false,"stepsCount":0,"attachmentsCount":0,"hasContent":false,"attachmentStep":false},{"name":"allure_environment","time":{"start":1759062807020,"stop":1759062807020,"duration":0},"status":"passed","steps":[],"attachments":[],"parameters":[],"shouldDisplayMessage":false,"stepsCount":0,"attachmentsCount":0,"hasContent":false,"attachmentStep":false},{"name":"invalid_missing_name","time":{"start":1759062807290,"stop":1759062807290,"duration":0},"status":"passed","steps":[],"attachments":[],"parameters":[],"shouldDisplayMessage":false,"stepsCount":0,"attachmentsCount":0,"hasContent":false,"attachmentStep":false}],"testStage":{"description":"Verify error occurs when creating a pet without the required name field.","status":"failed","statusMessage":"AssertionError: Expected 400, got 200","statusTrace":"self = <test_create_pet.TestCreatePet object at 0x7fa6e67d5a50>\nsession = <requests.sessions.Session object at 0x7fa6e661e290>\npet_url = 'https://petstore3.swagger.io/api/v3/pet'\ninvalid_missing_name = {'category': {'id': 1, 'name': 'Dogs'}, 'id': 240463, 'photoUrls': ['https://pixabay.com/photos/pomeranian-dog-puppy-mammal-animal-8096885/'], 'status': 'available', ...}\n\n    @allure.description(\"Verify error occurs when creating a pet without the required name field.\")\n    def test_create_pet_with_missing_name(self, session, pet_url, invalid_missing_name):\n        response = post_with_allure(session, pet_url, invalid_missing_name)\n>       assert_pet_creation_failed_bad_request(response)\n\ntests/api/test_create_pet.py:39: \n_ _ _ _ _ _ _ _ _ _ _ _ _ _ _ _ _ _ _ _ _ _ _ _ _ _ _ _ _ _ _ _ _ _ _ _ _ _ _ _ \n\nresponse = <Response [200]>\n\n    def assert_pet_creation_failed_bad_request(response):\n        with allure.step(\"Assert pet creation failed bad request\"):\n>           assert response.status_code == 400, f\"Expected 400, got {response.status_code}\"\n                   ^^^^^^^^^^^^^^^^^^^^^^^^^^^\nE           AssertionError: Expected 400, got 200\n\nhelpers/assertion_helper.py:50: AssertionError","steps":[{"name":"POST /api/v3/pet","time":{"start":1759062807290,"stop":1759062807297,"duration":7},"status":"passed","steps":[],"attachments":[{"uid":"b2aacd04e126f156","name":"Request","source":"b2aacd04e126f156.json","type":"application/json","size":517},{"uid":"a4790e1c1ef73b55","name":"Response","source":"a4790e1c1ef73b55.json","type":"application/json","size":774}],"parameters":[],"shouldDisplayMessage":false,"stepsCount":0,"attachmentsCount":2,"hasContent":true,"attachmentStep":false},{"name":"Assert pet creation failed bad request","time":{"start":1759062807297,"stop":1759062807297,"duration":0},"status":"failed","statusMessage":"AssertionError: Expected 400, got 200\n","statusTrace":"  File \"/home/runner/work/python-testing-lab/python-testing-lab/helpers/assertion_helper.py\", line 50, in assert_pet_creation_failed_bad_request\n    assert response.status_code == 400, f\"Expected 400, got {response.status_code}\"\n           ^^^^^^^^^^^^^^^^^^^^^^^^^^^\n","steps":[],"attachments":[],"parameters":[],"shouldDisplayMessage":true,"stepsCount":0,"attachmentsCount":0,"hasContent":true,"attachmentStep":false}],"attachments":[],"parameters":[],"shouldDisplayMessage":true,"stepsCount":2,"attachmentsCount":2,"hasContent":true,"attachmentStep":false},"afterStages":[],"labels":[{"name":"feature","value":"Pet API"},{"name":"story","value":"Create Pet"},{"name":"tag","value":"pet_create"},{"name":"parentSuite","value":"tests.api"},{"name":"suite","value":"test_create_pet"},{"name":"subSuite","value":"TestCreatePet"},{"name":"host","value":"runnervm3ublj"},{"name":"thread","value":"2104-MainThread"},{"name":"framework","value":"pytest"},{"name":"language","value":"cpython3"},{"name":"package","value":"tests.api.test_create_pet"},{"name":"resultFormat","value":"allure2"}],"parameters":[],"links":[],"hidden":false,"retry":false,"extra":{"severity":"normal","retries":[],"categories":[{"name":"Product defects","matchedStatuses":[]}],"tags":["pet_create"]},"source":"3043f4068ccd0d33.json","parameterValues":[]}