{"uid":"32790fca7717fd72","name":"test_create_pet_with_empty_name","fullName":"tests.api.test_create_pet.TestCreatePet#test_create_pet_with_empty_name","historyId":"8fc6662d29a8d95b176a74fab0fa4853","time":{"start":1759063830166,"stop":1759063830176,"duration":10},"description":"Verify error occurs when creating a pet with empty name field.","descriptionHtml":"<p>Verify error occurs when creating a pet with empty name field.</p>\n","status":"failed","statusMessage":"AssertionError: Expected 400, got 200","statusTrace":"self = <test_create_pet.TestCreatePet object at 0x7fb8e6ecb390>\nsession = <requests.sessions.Session object at 0x7fb8e6d23210>\npet_url = 'https://petstore3.swagger.io/api/v3/pet'\ninvalid_empty_name = {'category': {'id': 1, 'name': 'Dogs'}, 'id': 806629, 'name': '', 'photoUrls': ['https://pixabay.com/photos/pomeranian-dog-puppy-mammal-animal-8096885/'], ...}\n\n    @allure.description(\"Verify error occurs when creating a pet with empty name field.\")\n    def test_create_pet_with_empty_name(self, session, pet_url, invalid_empty_name):\n        response = post_with_allure(session, pet_url, invalid_empty_name)\n>       assert_pet_creation_failed_bad_request(response)\n\ntests/api/test_create_pet.py:49: \n_ _ _ _ _ _ _ _ _ _ _ _ _ _ _ _ _ _ _ _ _ _ _ _ _ _ _ _ _ _ _ _ _ _ _ _ _ _ _ _ \n\nresponse = <Response [200]>\n\n    def assert_pet_creation_failed_bad_request(response):\n        with allure.step(\"Assert pet creation failed bad request\"):\n>           assert response.status_code == 400, f\"Expected 400, got {response.status_code}\"\n                   ^^^^^^^^^^^^^^^^^^^^^^^^^^^\nE           AssertionError: Expected 400, got 200\n\nhelpers/assertion_helper.py:50: AssertionError","flaky":false,"newFailed":false,"newBroken":false,"newPassed":false,"retriesCount":0,"retriesStatusChange":false,"beforeStages":[{"name":"base_url","time":{"start":1759063829838,"stop":1759063829838,"duration":0},"status":"passed","steps":[],"attachments":[],"parameters":[],"shouldDisplayMessage":false,"stepsCount":0,"attachmentsCount":0,"hasContent":false,"attachmentStep":false},{"name":"event_loop_policy","time":{"start":1759063829838,"stop":1759063829838,"duration":0},"status":"passed","steps":[],"attachments":[],"parameters":[],"shouldDisplayMessage":false,"stepsCount":0,"attachmentsCount":0,"hasContent":false,"attachmentStep":false},{"name":"pytestconfig","time":{"start":1759063829838,"stop":1759063829839,"duration":1},"status":"passed","steps":[],"attachments":[],"parameters":[],"shouldDisplayMessage":false,"stepsCount":0,"attachmentsCount":0,"hasContent":false,"attachmentStep":false},{"name":"_verify_url","time":{"start":1759063829838,"stop":1759063829838,"duration":0},"status":"passed","steps":[],"attachments":[],"parameters":[],"shouldDisplayMessage":false,"stepsCount":0,"attachmentsCount":0,"hasContent":false,"attachmentStep":false},{"name":"delete_output_dir","time":{"start":1759063829839,"stop":1759063829839,"duration":0},"status":"passed","steps":[],"attachments":[],"parameters":[],"shouldDisplayMessage":false,"stepsCount":0,"attachmentsCount":0,"hasContent":false,"attachmentStep":false},{"name":"pet_url","time":{"start":1759063829839,"stop":1759063829839,"duration":0},"status":"passed","steps":[],"attachments":[],"parameters":[],"shouldDisplayMessage":false,"stepsCount":0,"attachmentsCount":0,"hasContent":false,"attachmentStep":false},{"name":"allure_environment","time":{"start":1759063829839,"stop":1759063829839,"duration":0},"status":"passed","steps":[],"attachments":[],"parameters":[],"shouldDisplayMessage":false,"stepsCount":0,"attachmentsCount":0,"hasContent":false,"attachmentStep":false},{"name":"session","time":{"start":1759063829839,"stop":1759063829839,"duration":0},"status":"passed","steps":[],"attachments":[],"parameters":[],"shouldDisplayMessage":false,"stepsCount":0,"attachmentsCount":0,"hasContent":false,"attachmentStep":false},{"name":"invalid_empty_name","time":{"start":1759063830166,"stop":1759063830166,"duration":0},"status":"passed","steps":[],"attachments":[],"parameters":[],"shouldDisplayMessage":false,"stepsCount":0,"attachmentsCount":0,"hasContent":false,"attachmentStep":false}],"testStage":{"description":"Verify error occurs when creating a pet with empty name field.","status":"failed","statusMessage":"AssertionError: Expected 400, got 200","statusTrace":"self = <test_create_pet.TestCreatePet object at 0x7fb8e6ecb390>\nsession = <requests.sessions.Session object at 0x7fb8e6d23210>\npet_url = 'https://petstore3.swagger.io/api/v3/pet'\ninvalid_empty_name = {'category': {'id': 1, 'name': 'Dogs'}, 'id': 806629, 'name': '', 'photoUrls': ['https://pixabay.com/photos/pomeranian-dog-puppy-mammal-animal-8096885/'], ...}\n\n    @allure.description(\"Verify error occurs when creating a pet with empty name field.\")\n    def test_create_pet_with_empty_name(self, session, pet_url, invalid_empty_name):\n        response = post_with_allure(session, pet_url, invalid_empty_name)\n>       assert_pet_creation_failed_bad_request(response)\n\ntests/api/test_create_pet.py:49: \n_ _ _ _ _ _ _ _ _ _ _ _ _ _ _ _ _ _ _ _ _ _ _ _ _ _ _ _ _ _ _ _ _ _ _ _ _ _ _ _ \n\nresponse = <Response [200]>\n\n    def assert_pet_creation_failed_bad_request(response):\n        with allure.step(\"Assert pet creation failed bad request\"):\n>           assert response.status_code == 400, f\"Expected 400, got {response.status_code}\"\n                   ^^^^^^^^^^^^^^^^^^^^^^^^^^^\nE           AssertionError: Expected 400, got 200\n\nhelpers/assertion_helper.py:50: AssertionError","steps":[{"name":"POST /api/v3/pet","time":{"start":1759063830166,"stop":1759063830176,"duration":10},"status":"passed","steps":[],"attachments":[{"uid":"e4ae9c9e72a1366d","name":"Request","source":"e4ae9c9e72a1366d.json","type":"application/json","size":533},{"uid":"e5f384a4eefd45dc","name":"Response","source":"e5f384a4eefd45dc.json","type":"application/json","size":790}],"parameters":[],"shouldDisplayMessage":false,"stepsCount":0,"attachmentsCount":2,"hasContent":true,"attachmentStep":false},{"name":"Assert pet creation failed bad request","time":{"start":1759063830176,"stop":1759063830176,"duration":0},"status":"failed","statusMessage":"AssertionError: Expected 400, got 200\n","statusTrace":"  File \"/home/runner/work/python-testing-lab/python-testing-lab/helpers/assertion_helper.py\", line 50, in assert_pet_creation_failed_bad_request\n    assert response.status_code == 400, f\"Expected 400, got {response.status_code}\"\n           ^^^^^^^^^^^^^^^^^^^^^^^^^^^\n","steps":[],"attachments":[],"parameters":[],"shouldDisplayMessage":true,"stepsCount":0,"attachmentsCount":0,"hasContent":true,"attachmentStep":false}],"attachments":[],"parameters":[],"shouldDisplayMessage":true,"stepsCount":2,"attachmentsCount":2,"hasContent":true,"attachmentStep":false},"afterStages":[],"labels":[{"name":"story","value":"Create Pet"},{"name":"feature","value":"Pet API"},{"name":"tag","value":"pet_create"},{"name":"parentSuite","value":"tests.api"},{"name":"suite","value":"test_create_pet"},{"name":"subSuite","value":"TestCreatePet"},{"name":"host","value":"runnervm3ublj"},{"name":"thread","value":"2141-MainThread"},{"name":"framework","value":"pytest"},{"name":"language","value":"cpython3"},{"name":"package","value":"tests.api.test_create_pet"},{"name":"resultFormat","value":"allure2"}],"parameters":[],"links":[],"hidden":false,"retry":false,"extra":{"severity":"normal","retries":[],"categories":[{"name":"Product defects","matchedStatuses":[]}],"tags":["pet_create"]},"source":"32790fca7717fd72.json","parameterValues":[]}