{"uid":"b28bf788111ba120","name":"test_create_pet_with_missing_photos","fullName":"tests.api.test_create_pet.TestCreatePet#test_create_pet_with_missing_photos","historyId":"1893d70d8ddb71a44f89934340f56d22","time":{"start":1759063283856,"stop":1759063283862,"duration":6},"description":"Verify error occurs when creating a pet without the required photos field.","descriptionHtml":"<p>Verify error occurs when creating a pet without the required photos field.</p>\n","status":"failed","statusMessage":"AssertionError: Expected 400, got 200","statusTrace":"self = <test_create_pet.TestCreatePet object at 0x7fa945aca4d0>\nsession = <requests.sessions.Session object at 0x7fa9459109d0>\npet_url = 'https://petstore3.swagger.io/api/v3/pet'\ninvalid_missing_photos = {'category': {'id': 1, 'name': 'Dogs'}, 'id': 341275, 'name': 'Hardy', 'status': 'available', ...}\n\n    @allure.description(\"Verify error occurs when creating a pet without the required photos field.\")\n    def test_create_pet_with_missing_photos(self, session, pet_url, invalid_missing_photos):\n        response = post_with_allure(session, pet_url, invalid_missing_photos)\n>       assert_pet_creation_failed_bad_request(response)\n\ntests/api/test_create_pet.py:44: \n_ _ _ _ _ _ _ _ _ _ _ _ _ _ _ _ _ _ _ _ _ _ _ _ _ _ _ _ _ _ _ _ _ _ _ _ _ _ _ _ \n\nresponse = <Response [200]>\n\n    def assert_pet_creation_failed_bad_request(response):\n        with allure.step(\"Assert pet creation failed bad request\"):\n>           assert response.status_code == 400, f\"Expected 400, got {response.status_code}\"\n                   ^^^^^^^^^^^^^^^^^^^^^^^^^^^\nE           AssertionError: Expected 400, got 200\n\nhelpers/assertion_helper.py:50: AssertionError","flaky":false,"newFailed":false,"newBroken":false,"newPassed":false,"retriesCount":0,"retriesStatusChange":false,"beforeStages":[{"name":"session","time":{"start":1759063283641,"stop":1759063283642,"duration":1},"status":"passed","steps":[],"attachments":[],"parameters":[],"shouldDisplayMessage":false,"stepsCount":0,"attachmentsCount":0,"hasContent":false,"attachmentStep":false},{"name":"base_url","time":{"start":1759063283641,"stop":1759063283641,"duration":0},"status":"passed","steps":[],"attachments":[],"parameters":[],"shouldDisplayMessage":false,"stepsCount":0,"attachmentsCount":0,"hasContent":false,"attachmentStep":false},{"name":"_verify_url","time":{"start":1759063283641,"stop":1759063283641,"duration":0},"status":"passed","steps":[],"attachments":[],"parameters":[],"shouldDisplayMessage":false,"stepsCount":0,"attachmentsCount":0,"hasContent":false,"attachmentStep":false},{"name":"allure_environment","time":{"start":1759063283641,"stop":1759063283641,"duration":0},"status":"passed","steps":[],"attachments":[],"parameters":[],"shouldDisplayMessage":false,"stepsCount":0,"attachmentsCount":0,"hasContent":false,"attachmentStep":false},{"name":"delete_output_dir","time":{"start":1759063283641,"stop":1759063283641,"duration":0},"status":"passed","steps":[],"attachments":[],"parameters":[],"shouldDisplayMessage":false,"stepsCount":0,"attachmentsCount":0,"hasContent":false,"attachmentStep":false},{"name":"event_loop_policy","time":{"start":1759063283641,"stop":1759063283641,"duration":0},"status":"passed","steps":[],"attachments":[],"parameters":[],"shouldDisplayMessage":false,"stepsCount":0,"attachmentsCount":0,"hasContent":false,"attachmentStep":false},{"name":"pytestconfig","time":{"start":1759063283641,"stop":1759063283641,"duration":0},"status":"passed","steps":[],"attachments":[],"parameters":[],"shouldDisplayMessage":false,"stepsCount":0,"attachmentsCount":0,"hasContent":false,"attachmentStep":false},{"name":"pet_url","time":{"start":1759063283642,"stop":1759063283642,"duration":0},"status":"passed","steps":[],"attachments":[],"parameters":[],"shouldDisplayMessage":false,"stepsCount":0,"attachmentsCount":0,"hasContent":false,"attachmentStep":false},{"name":"invalid_missing_photos","time":{"start":1759063283856,"stop":1759063283856,"duration":0},"status":"passed","steps":[],"attachments":[],"parameters":[],"shouldDisplayMessage":false,"stepsCount":0,"attachmentsCount":0,"hasContent":false,"attachmentStep":false}],"testStage":{"description":"Verify error occurs when creating a pet without the required photos field.","status":"failed","statusMessage":"AssertionError: Expected 400, got 200","statusTrace":"self = <test_create_pet.TestCreatePet object at 0x7fa945aca4d0>\nsession = <requests.sessions.Session object at 0x7fa9459109d0>\npet_url = 'https://petstore3.swagger.io/api/v3/pet'\ninvalid_missing_photos = {'category': {'id': 1, 'name': 'Dogs'}, 'id': 341275, 'name': 'Hardy', 'status': 'available', ...}\n\n    @allure.description(\"Verify error occurs when creating a pet without the required photos field.\")\n    def test_create_pet_with_missing_photos(self, session, pet_url, invalid_missing_photos):\n        response = post_with_allure(session, pet_url, invalid_missing_photos)\n>       assert_pet_creation_failed_bad_request(response)\n\ntests/api/test_create_pet.py:44: \n_ _ _ _ _ _ _ _ _ _ _ _ _ _ _ _ _ _ _ _ _ _ _ _ _ _ _ _ _ _ _ _ _ _ _ _ _ _ _ _ \n\nresponse = <Response [200]>\n\n    def assert_pet_creation_failed_bad_request(response):\n        with allure.step(\"Assert pet creation failed bad request\"):\n>           assert response.status_code == 400, f\"Expected 400, got {response.status_code}\"\n                   ^^^^^^^^^^^^^^^^^^^^^^^^^^^\nE           AssertionError: Expected 400, got 200\n\nhelpers/assertion_helper.py:50: AssertionError","steps":[{"name":"POST /api/v3/pet","time":{"start":1759063283856,"stop":1759063283862,"duration":6},"status":"passed","steps":[],"attachments":[{"uid":"ed0dc2e1e6d4402a","name":"Request","source":"ed0dc2e1e6d4402a.json","type":"application/json","size":433},{"uid":"47f49834547bef9a","name":"Response","source":"47f49834547bef9a.json","type":"application/json","size":711}],"parameters":[],"shouldDisplayMessage":false,"stepsCount":0,"attachmentsCount":2,"hasContent":true,"attachmentStep":false},{"name":"Assert pet creation failed bad request","time":{"start":1759063283862,"stop":1759063283862,"duration":0},"status":"failed","statusMessage":"AssertionError: Expected 400, got 200\n","statusTrace":"  File \"/home/runner/work/python-testing-lab/python-testing-lab/helpers/assertion_helper.py\", line 50, in assert_pet_creation_failed_bad_request\n    assert response.status_code == 400, f\"Expected 400, got {response.status_code}\"\n           ^^^^^^^^^^^^^^^^^^^^^^^^^^^\n","steps":[],"attachments":[],"parameters":[],"shouldDisplayMessage":true,"stepsCount":0,"attachmentsCount":0,"hasContent":true,"attachmentStep":false}],"attachments":[],"parameters":[],"shouldDisplayMessage":true,"stepsCount":2,"attachmentsCount":2,"hasContent":true,"attachmentStep":false},"afterStages":[],"labels":[{"name":"story","value":"Create Pet"},{"name":"feature","value":"Pet API"},{"name":"tag","value":"pet_create"},{"name":"parentSuite","value":"tests.api"},{"name":"suite","value":"test_create_pet"},{"name":"subSuite","value":"TestCreatePet"},{"name":"host","value":"runnervm3ublj"},{"name":"thread","value":"2103-MainThread"},{"name":"framework","value":"pytest"},{"name":"language","value":"cpython3"},{"name":"package","value":"tests.api.test_create_pet"},{"name":"resultFormat","value":"allure2"}],"parameters":[],"links":[],"hidden":false,"retry":false,"extra":{"severity":"normal","retries":[],"categories":[{"name":"Product defects","matchedStatuses":[]}],"tags":["pet_create"]},"source":"b28bf788111ba120.json","parameterValues":[]}